<?xml version="1.0" encoding="UTF-8"?>
<!-- Generated by org.testng.reporters.JUnitXMLReporter -->
<testsuite ignored="0" hostname="DESKTOP-R0P7LMN" failures="0" tests="6" name="Default test" time="0.268" errors="0" timestamp="2022-09-02T16:09:27 IST">
  <testcase classname="LocalTest.RunLocalTest.TestBase" name="@BeforeMethod setupTest" time="0.028">
    <failure type="java.lang.NullPointerException" message="Cannot invoke &amp;quot;String.equals(Object)&amp;quot; because &amp;quot;browser&amp;quot; is null">
      <![CDATA[java.lang.NullPointerException: Cannot invoke "String.equals(Object)" because "browser" is null
at LocalTest.RunLocalTest.TLDriverFactory.setTLDriver(TLDriverFactory.java:17)
at LocalTest.RunLocalTest.TestBase.setupTest(TestBase.java:28)
at java.base/jdk.internal.reflect.DirectMethodHandleAccessor.invoke(DirectMethodHandleAccessor.java:104)
at java.base/java.lang.reflect.Method.invoke(Method.java:577)
at org.testng.internal.MethodInvocationHelper.invokeMethod(MethodInvocationHelper.java:133)
at org.testng.internal.MethodInvocationHelper.invokeMethodConsideringTimeout(MethodInvocationHelper.java:62)
at org.testng.internal.ConfigInvoker.invokeConfigurationMethod(ConfigInvoker.java:385)
at org.testng.internal.ConfigInvoker.invokeConfigurations(ConfigInvoker.java:321)
at org.testng.internal.TestInvoker.runConfigMethods(TestInvoker.java:700)
at org.testng.internal.TestInvoker.invokeMethod(TestInvoker.java:527)
at org.testng.internal.TestInvoker.invokeTestMethod(TestInvoker.java:173)
at org.testng.internal.MethodRunner.runInSequence(MethodRunner.java:46)
at org.testng.internal.TestInvoker$MethodInvocationAgent.invoke(TestInvoker.java:824)
at org.testng.internal.TestInvoker.invokeTestMethods(TestInvoker.java:146)
at org.testng.internal.TestMethodWorker.invokeTestMethods(TestMethodWorker.java:146)
at org.testng.internal.TestMethodWorker.run(TestMethodWorker.java:128)
at java.base/java.util.ArrayList.forEach(ArrayList.java:1511)
at org.testng.TestRunner.privateRun(TestRunner.java:794)
at org.testng.TestRunner.run(TestRunner.java:596)
at org.testng.SuiteRunner.runTest(SuiteRunner.java:377)
at org.testng.SuiteRunner.runSequentially(SuiteRunner.java:371)
at org.testng.SuiteRunner.privateRun(SuiteRunner.java:332)
at org.testng.SuiteRunner.run(SuiteRunner.java:276)
at org.testng.SuiteRunnerWorker.runSuite(SuiteRunnerWorker.java:53)
at org.testng.SuiteRunnerWorker.run(SuiteRunnerWorker.java:96)
at org.testng.TestNG.runSuitesSequentially(TestNG.java:1212)
at org.testng.TestNG.runSuitesLocally(TestNG.java:1134)
at org.testng.TestNG.runSuites(TestNG.java:1063)
at org.testng.TestNG.run(TestNG.java:1031)
at org.testng.remote.AbstractRemoteTestNG.run(AbstractRemoteTestNG.java:115)
at org.testng.remote.RemoteTestNG.initAndRun(RemoteTestNG.java:251)
at org.testng.remote.RemoteTestNG.main(RemoteTestNG.java:77)
]]>
    </failure>
  </testcase> <!-- @BeforeMethod setupTest -->
  <testcase classname="LocalTest.RunLocalTest.TestBase" name="@AfterMethod tearDown" time="-1.662115166814E9">
    <skipped/>
  </testcase> <!-- @AfterMethod tearDown -->
  <testcase classname="LocalTest.RunLocalTest.TestBase" name="@BeforeMethod setupTest" time="-1.662115166819E9">
    <skipped/>
  </testcase> <!-- @BeforeMethod setupTest -->
  <testcase classname="LocalTest.RunLocalTest.TestBase" name="@AfterMethod tearDown" time="-1.662115166832E9">
    <skipped/>
  </testcase> <!-- @AfterMethod tearDown -->
  <testcase classname="LocalTest.RunLocalTest.TestBase" name="@BeforeMethod setupTest" time="-1.662115166838E9">
    <skipped/>
  </testcase> <!-- @BeforeMethod setupTest -->
  <testcase classname="LocalTest.RunLocalTest.TestBase" name="@AfterMethod tearDown" time="-1.662115166847E9">
    <skipped/>
  </testcase> <!-- @AfterMethod tearDown -->
  <testcase classname="LocalTest.RunLocalTest.TestBase" name="@BeforeMethod setupTest" time="-1.662115166851E9">
    <skipped/>
  </testcase> <!-- @BeforeMethod setupTest -->
  <testcase classname="LocalTest.RunLocalTest.TestBase" name="@AfterMethod tearDown" time="-1.662115166897E9">
    <skipped/>
  </testcase> <!-- @AfterMethod tearDown -->
  <testcase classname="LocalTest.RunLocalTest.TestBase" name="@BeforeMethod setupTest" time="0.002">
    <failure type="java.lang.NullPointerException" message="Cannot invoke &amp;quot;String.equals(Object)&amp;quot; because &amp;quot;browser&amp;quot; is null">
      <![CDATA[java.lang.NullPointerException: Cannot invoke "String.equals(Object)" because "browser" is null
at LocalTest.RunLocalTest.TLDriverFactory.setTLDriver(TLDriverFactory.java:17)
at LocalTest.RunLocalTest.TestBase.setupTest(TestBase.java:28)
at java.base/jdk.internal.reflect.DirectMethodHandleAccessor.invoke(DirectMethodHandleAccessor.java:104)
at java.base/java.lang.reflect.Method.invoke(Method.java:577)
at org.testng.internal.MethodInvocationHelper.invokeMethod(MethodInvocationHelper.java:133)
at org.testng.internal.MethodInvocationHelper.invokeMethodConsideringTimeout(MethodInvocationHelper.java:62)
at org.testng.internal.ConfigInvoker.invokeConfigurationMethod(ConfigInvoker.java:385)
at org.testng.internal.ConfigInvoker.invokeConfigurations(ConfigInvoker.java:321)
at org.testng.internal.TestInvoker.runConfigMethods(TestInvoker.java:700)
at org.testng.internal.TestInvoker.invokeMethod(TestInvoker.java:527)
at org.testng.internal.TestInvoker.invokeTestMethod(TestInvoker.java:173)
at org.testng.internal.MethodRunner.runInSequence(MethodRunner.java:46)
at org.testng.internal.TestInvoker$MethodInvocationAgent.invoke(TestInvoker.java:824)
at org.testng.internal.TestInvoker.invokeTestMethods(TestInvoker.java:146)
at org.testng.internal.TestMethodWorker.invokeTestMethods(TestMethodWorker.java:146)
at org.testng.internal.TestMethodWorker.run(TestMethodWorker.java:128)
at java.base/java.util.ArrayList.forEach(ArrayList.java:1511)
at org.testng.TestRunner.privateRun(TestRunner.java:794)
at org.testng.TestRunner.run(TestRunner.java:596)
at org.testng.SuiteRunner.runTest(SuiteRunner.java:377)
at org.testng.SuiteRunner.runSequentially(SuiteRunner.java:371)
at org.testng.SuiteRunner.privateRun(SuiteRunner.java:332)
at org.testng.SuiteRunner.run(SuiteRunner.java:276)
at org.testng.SuiteRunnerWorker.runSuite(SuiteRunnerWorker.java:53)
at org.testng.SuiteRunnerWorker.run(SuiteRunnerWorker.java:96)
at org.testng.TestNG.runSuitesSequentially(TestNG.java:1212)
at org.testng.TestNG.runSuitesLocally(TestNG.java:1134)
at org.testng.TestNG.runSuites(TestNG.java:1063)
at org.testng.TestNG.run(TestNG.java:1031)
at org.testng.remote.AbstractRemoteTestNG.run(AbstractRemoteTestNG.java:115)
at org.testng.remote.RemoteTestNG.initAndRun(RemoteTestNG.java:251)
at org.testng.remote.RemoteTestNG.main(RemoteTestNG.java:77)
]]>
    </failure>
  </testcase> <!-- @BeforeMethod setupTest -->
  <testcase classname="LocalTest.RunLocalTest.TestBase" name="@AfterMethod tearDown" time="-1.662115166933E9">
    <skipped/>
  </testcase> <!-- @AfterMethod tearDown -->
  <testcase classname="LocalTest.RunLocalTest.TestBase" name="@BeforeMethod setupTest" time="-1.662115166939E9">
    <skipped/>
  </testcase> <!-- @BeforeMethod setupTest -->
  <testcase classname="LocalTest.RunLocalTest.TestBase" name="@AfterMethod tearDown" time="-1.662115166947E9">
    <skipped/>
  </testcase> <!-- @AfterMethod tearDown -->
  <testcase classname="LocalTest.RunLocalTest.MasterTest" name="GOOGLE0" time="0.0">
    <skipped/>
  </testcase> <!-- GOOGLE0 -->
  <testcase classname="LocalTest.RunLocalTest.MasterTest" name="GOOGLE2" time="0.0">
    <skipped/>
  </testcase> <!-- GOOGLE2 -->
  <testcase classname="LocalTest.RunLocalTest.MasterTest" name="GOOGLE3" time="0.0">
    <skipped/>
  </testcase> <!-- GOOGLE3 -->
  <testcase classname="LocalTest.RunLocalTest.MasterTest" name="GOOGLE4" time="0.0">
    <skipped/>
  </testcase> <!-- GOOGLE4 -->
  <testcase classname="LocalTest.RunLocalTest.SecondTest" name="GOOGLE1" time="0.0">
    <skipped/>
  </testcase> <!-- GOOGLE1 -->
  <testcase classname="LocalTest.RunLocalTest.SecondTest" name="YANDEX" time="0.0">
    <skipped/>
  </testcase> <!-- YANDEX -->
</testsuite> <!-- Default test -->
