<?xml version="1.0" encoding="UTF-8"?>
<!-- Generated by org.testng.reporters.JUnitReportReporter -->
<testsuite hostname="DESKTOP-R0P7LMN" failures="1" tests="4" name="LocalTest.RunLocalTest.FirstTest" time="69.145" errors="0" timestamp="2022-08-26T22:46:18 IST" skipped="0">
  <testcase classname="LocalTest.RunLocalTest.FirstTest" name="GOOGLE3" time="15.743"/>
  <system-out/>
  <testcase classname="LocalTest.RunLocalTest.FirstTest" name="GOOGLE2" time="21.530">
    <failure message="expected [Google] but found []" type="java.lang.AssertionError">
      <![CDATA[java.lang.AssertionError: expected [Google] but found []
at org.testng.Assert.fail(Assert.java:99)
at org.testng.Assert.failNotEquals(Assert.java:1037)
at org.testng.Assert.assertEqualsImpl(Assert.java:140)
at org.testng.Assert.assertEquals(Assert.java:122)
at org.testng.Assert.assertEquals(Assert.java:629)
at org.testng.Assert.assertEquals(Assert.java:639)
at LocalTest.RunLocalTest.FirstTest.GOOGLE2(FirstTest.java:26)
at java.base/jdk.internal.reflect.DirectMethodHandleAccessor.invoke(DirectMethodHandleAccessor.java:104)
at java.base/java.lang.reflect.Method.invoke(Method.java:577)
at org.testng.internal.MethodInvocationHelper.invokeMethod(MethodInvocationHelper.java:133)
at org.testng.internal.TestInvoker.invokeMethod(TestInvoker.java:598)
at org.testng.internal.TestInvoker.invokeTestMethod(TestInvoker.java:173)
at org.testng.internal.MethodRunner.runInSequence(MethodRunner.java:46)
at org.testng.internal.TestInvoker$MethodInvocationAgent.invoke(TestInvoker.java:824)
at org.testng.internal.TestInvoker.invokeTestMethods(TestInvoker.java:146)
at org.testng.internal.TestMethodWorker.invokeTestMethods(TestMethodWorker.java:146)
at org.testng.internal.TestMethodWorker.run(TestMethodWorker.java:128)
at java.base/java.util.concurrent.ThreadPoolExecutor.runWorker(ThreadPoolExecutor.java:1136)
at java.base/java.util.concurrent.ThreadPoolExecutor$Worker.run(ThreadPoolExecutor.java:635)
at java.base/java.lang.Thread.run(Thread.java:833)
]]>
    </failure>
  </testcase> <!-- GOOGLE2 -->
  <system-out/>
  <testcase classname="LocalTest.RunLocalTest.FirstTest" name="GOOGLE4" time="15.671"/>
  <system-out/>
  <testcase classname="LocalTest.RunLocalTest.FirstTest" name="GOOGLE0" time="16.201"/>
  <system-out/>
</testsuite> <!-- LocalTest.RunLocalTest.FirstTest -->
